#
# There is insufficient memory for the Java Runtime Environment to continue.
# Native memory allocation (malloc) failed to allocate 1114064 bytes. Error detail: Chunk::new
# Possible reasons:
#   The system is out of physical RAM or swap space
#   This process is running with CompressedOops enabled, and the Java Heap may be blocking the growth of the native heap
# Possible solutions:
#   Reduce memory load on the system
#   Increase physical memory or swap space
#   Check if swap backing store is full
#   Decrease Java heap size (-Xmx/-Xms)
#   Decrease number of Java threads
#   Decrease Java thread stack sizes (-Xss)
#   Set larger code cache with -XX:ReservedCodeCacheSize=
#   JVM is running with Unscaled Compressed Oops mode in which the Java heap is
#     placed in the first 4GB address space. The Java Heap base address is the
#     maximum limit for the native heap growth. Please use -XX:HeapBaseMinAddress
#     to set the Java Heap base and to place the Java Heap above 4GB virtual address.
# This output file may be truncated or incomplete.
#
#  Out of Memory Error (arena.cpp:162), pid=111564, tid=110864
#
# JRE version: Java(TM) SE Runtime Environment (24.0.2+12) (build 24.0.2+12-54)
# Java VM: Java HotSpot(TM) 64-Bit Server VM (24.0.2+12-54, mixed mode, sharing, tiered, compressed oops, compressed class ptrs, g1 gc, windows-amd64)
# No core dump will be written. Minidumps are not enabled by default on client versions of Windows
#

---------------  S U M M A R Y ------------

Command Line: -Dfile.encoding=UTF-8 -Dstdout.encoding=UTF-8 -Dstderr.encoding=UTF-8 --module-path=C:\Users\HP\git\repository\ArchanaProject\target\classes;C:\Users\HP\.m2\repository\org\seleniumhq\selenium\selenium-api\4.38.0\selenium-api-4.38.0.jar;C:\Users\HP\.m2\repository\org\seleniumhq\selenium\selenium-devtools-v140\4.38.0\selenium-devtools-v140-4.38.0.jar;C:\Users\HP\.m2\repository\org\seleniumhq\selenium\selenium-devtools-v141\4.38.0\selenium-devtools-v141-4.38.0.jar;C:\Users\HP\.m2\repository\org\seleniumhq\selenium\selenium-devtools-v142\4.38.0\selenium-devtools-v142-4.38.0.jar;C:\Users\HP\.m2\repository\org\seleniumhq\selenium\selenium-edge-driver\4.38.0\selenium-edge-driver-4.38.0.jar;C:\Users\HP\.m2\repository\org\seleniumhq\selenium\selenium-firefox-driver\4.38.0\selenium-firefox-driver-4.38.0.jar;C:\Users\HP\.m2\repository\org\seleniumhq\selenium\selenium-ie-driver\4.38.0\selenium-ie-driver-4.38.0.jar;C:\Users\HP\.m2\repository\org\seleniumhq\selenium\selenium-safari-driver\4.38.0\selenium-safari-driver-4.38.0.jar;C:\Users\HP\.m2\repository\org\seleniumhq\selenium\selenium-support\4.38.0\selenium-support-4.38.0.jar;C:\Users\HP\.m2\repository\org\testng\testng\7.11.0\testng-7.11.0.jar;C:\Users\HP\.m2\repository\com\google\guava\guava\33.5.0-jre\guava-33.5.0-jre.jar;C:\Users\HP\.m2\repository\com\google\guava\failureaccess\1.0.3\failureaccess-1.0.3.jar;C:\Users\HP\.m2\repository\org\jspecify\jspecify\1.0.0\jspecify-1.0.0.jar;C:\Users\HP\.m2\repository\com\google\errorprone\error_prone_annotations\2.41.0\error_prone_annotations-2.41.0.jar;C:\Users\HP\.m2\repository\com\google\j2objc\j2objc-annotations\3.1\j2objc-annotations-3.1.jar;C:\Users\HP\.m2\repository\io\github\bonigarcia\webdrivermanager\6.3.3\webdrivermanager-6.3.3.jar;C:\Users\HP\.m2\repository\net\java\dev\jna\jna\5.17.0\jna-5.17.0.jar;C:\Users\HP\.m2\repository\commons-io\commons-io\2.20.0\commons-io-2.20.0.jar;C:\Users\HP\.m2\repository\org\seleniumhq\selenium\selenium-devtools-v143\4.39.0\selenium-devtools-v143-4.39.0.jar;C:\Users\HP\.m2\repository\org\seleniumhq\selenium-XX:+ShowCodeDetailsInExceptionMessages -Djdk.module.main=ArchanaProject ArchanaProject/Miscellaneous.Invokingmultiplewindowsortabs

Host: AMD Ryzen 5 5500U with Radeon Graphics         , 12 cores, 7G,  Windows 11 , 64 bit Build 26100 (10.0.26100.7309)
Time: Wed Jan  7 10:23:03 2026 India Standard Time elapsed time: 28.402545 seconds (0d 0h 0m 28s)

---------------  T H R E A D  ---------------

Current thread (0x000002aa67328ce0):  JavaThread "C2 CompilerThread0" daemon [_thread_in_native, id=110864, stack(0x000000d04c500000,0x000000d04c600000) (1024K)]


Current CompileTask:
C2:28402 2252 % !   4       java.util.concurrent.ConcurrentHashMap::transfer @ 96 (849 bytes)

Stack: [0x000000d04c500000,0x000000d04c600000]
Native frames: (J=compiled Java code, j=interpreted, Vv=VM code, C=native code)
V  [jvm.dll+0x730829]  (no source info available)
V  [jvm.dll+0x8d9da3]  (no source info available)
V  [jvm.dll+0x8dc28d]  (no source info available)
V  [jvm.dll+0x8dc903]  (no source info available)
V  [jvm.dll+0x2a9f56]  (no source info available)
V  [jvm.dll+0xced7f]  (no source info available)
V  [jvm.dll+0xcefdf]  (no source info available)
V  [jvm.dll+0x154c83]  (no source info available)
V  [jvm.dll+0x73604f]  (no source info available)
V  [jvm.dll+0x26f8dc]  (no source info available)
V  [jvm.dll+0x26e8ff]  (no source info available)
V  [jvm.dll+0x1e9c90]  (no source info available)
V  [jvm.dll+0x27e0cb]  (no source info available)
V  [jvm.dll+0x27c36a]  (no source info available)
V  [jvm.dll+0x42f396]  (no source info available)
V  [jvm.dll+0x87d9eb]  (no source info available)
V  [jvm.dll+0x72ef45]  (no source info available)
C  [ucrtbase.dll+0x37b0]  (no source info available)
C  [KERNEL32.DLL+0x2e8d7]  (no source info available)
C  [ntdll.dll+0x8c53c]  (no source info available)

Lock stack of current Java thread (top to bottom):


---------------  P R O C E S S  ---------------

Threads class SMR info:
_java_thread_list=0x000002aa45f200d0, length=26, elements={
0x000002aa6730dc90, 0x000002aa6730e3d0, 0x000002aa673182f0, 0x000002aa67318e20,
0x000002aa67321960, 0x000002aa67322490, 0x000002aa67328ce0, 0x000002aa6732cae0,
0x000002aa450d40d0, 0x000002aa457eaf90, 0x000002aa45dc4420, 0x000002aa45edc0f0,
0x000002aa45ee81a0, 0x000002aa45ef2cd0, 0x000002aa45eefb50, 0x000002aa45f13a70,
0x000002aa45f42740, 0x000002aa45f43d30, 0x000002aa45f41ff0, 0x000002aa45f44480,
0x000002aa45f435e0, 0x000002aa45f44bd0, 0x000002aa45f45320, 0x000002aa460a9cf0,
0x000002aa460a95a0, 0x000002aa460aa440
}

Java Threads: ( => current thread )
  0x000002aa6730dc90 JavaThread "Reference Handler"          daemon [_thread_blocked, id=114352, stack(0x000000d04bf00000,0x000000d04c000000) (1024K)]
  0x000002aa6730e3d0 JavaThread "Finalizer"                  daemon [_thread_blocked, id=113776, stack(0x000000d04c000000,0x000000d04c100000) (1024K)]
  0x000002aa673182f0 JavaThread "Signal Dispatcher"          daemon [_thread_blocked, id=96940, stack(0x000000d04c100000,0x000000d04c200000) (1024K)]
  0x000002aa67318e20 JavaThread "Attach Listener"            daemon [_thread_blocked, id=111256, stack(0x000000d04c200000,0x000000d04c300000) (1024K)]
  0x000002aa67321960 JavaThread "Service Thread"             daemon [_thread_blocked, id=114364, stack(0x000000d04c300000,0x000000d04c400000) (1024K)]
  0x000002aa67322490 JavaThread "Monitor Deflation Thread"   daemon [_thread_blocked, id=113544, stack(0x000000d04c400000,0x000000d04c500000) (1024K)]
=>0x000002aa67328ce0 JavaThread "C2 CompilerThread0"         daemon [_thread_in_native, id=110864, stack(0x000000d04c500000,0x000000d04c600000) (1024K)]
  0x000002aa6732cae0 JavaThread "C1 CompilerThread0"         daemon [_thread_blocked, id=87024, stack(0x000000d04c600000,0x000000d04c700000) (1024K)]
  0x000002aa450d40d0 JavaThread "Common-Cleaner"             daemon [_thread_blocked, id=47284, stack(0x000000d04c700000,0x000000d04c800000) (1024K)]
  0x000002aa457eaf90 JavaThread "Notification Thread"        daemon [_thread_blocked, id=114620, stack(0x000000d04c800000,0x000000d04c900000) (1024K)]
  0x000002aa45dc4420 JavaThread "ForkJoinPool.commonPool-worker-1" daemon [_thread_blocked, id=100612, stack(0x000000d04c900000,0x000000d04ca00000) (1024K)]
  0x000002aa45edc0f0 JavaThread "HttpClient-1-SelectorManager" daemon [_thread_in_native, id=111036, stack(0x000000d04ca00000,0x000000d04cb00000) (1024K)]
  0x000002aa45ee81a0 JavaThread "External Process Output Forwarder - C:\Users\HP\.cache\selenium\chromedriver\win64\143.0.7499.192\chromedriver.exe" daemon [_thread_in_native, id=114540, stack(0x000000d04cb00000,0x000000d04cc00000) (1024K)]
  0x000002aa45ef2cd0 JavaThread "Driver Service Executor"    daemon [_thread_blocked, id=115348, stack(0x000000d04cc00000,0x000000d04cd00000) (1024K)]
  0x000002aa45eefb50 JavaThread "Driver Service Executor"    daemon [_thread_blocked, id=113584, stack(0x000000d04cd00000,0x000000d04ce00000) (1024K)]
  0x000002aa45f13a70 JavaThread "UrlChecker-2"               daemon [_thread_blocked, id=97152, stack(0x000000d04ce00000,0x000000d04cf00000) (1024K)]
  0x000002aa45f42740 JavaThread "JdkHttpClient-0-0"          daemon [_thread_blocked, id=53784, stack(0x000000d04d100000,0x000000d04d200000) (1024K)]
  0x000002aa45f43d30 JavaThread "CompletableFutureDelayScheduler" daemon [_thread_blocked, id=112892, stack(0x000000d04d200000,0x000000d04d300000) (1024K)]
  0x000002aa45f41ff0 JavaThread "JdkHttpClient-0-1"          daemon [_thread_blocked, id=113332, stack(0x000000d04d900000,0x000000d04da00000) (1024K)]
  0x000002aa45f44480 JavaThread "JdkHttpClient-0-2"          daemon [_thread_blocked, id=115596, stack(0x000000d04da00000,0x000000d04db00000) (1024K)]
  0x000002aa45f435e0 JavaThread "JdkHttpClient-0-3"          daemon [_thread_blocked, id=16588, stack(0x000000d04db00000,0x000000d04dc00000) (1024K)]
  0x000002aa45f44bd0 JavaThread "HttpClient-2-SelectorManager" daemon [_thread_in_native, id=13940, stack(0x000000d04dc00000,0x000000d04dd00000) (1024K)]
  0x000002aa45f45320 JavaThread "JdkHttpClient-1-0"          daemon [_thread_blocked, id=102096, stack(0x000000d04dd00000,0x000000d04de00000) (1024K)]
  0x000002aa460a9cf0 JavaThread "JdkHttpClient-1-1"          daemon [_thread_blocked, id=22376, stack(0x000000d04de00000,0x000000d04df00000) (1024K)]
  0x000002aa460a95a0 JavaThread "JdkHttpClient-1-2"          daemon [_thread_blocked, id=114228, stack(0x000000d04df00000,0x000000d04e000000) (1024K)]
  0x000002aa460aa440 JavaThread "DestroyJavaVM"                     [_thread_blocked, id=91504, stack(0x000000d04b700000,0x000000d04b800000) (1024K)]
Total: 26

Other Threads:
  0x000002aa672fcab0 VMThread "VM Thread"                           [id=110272, stack(0x000000d04be00000,0x000000d04bf00000) (1024K)]
  0x000002aa672efae0 WatcherThread "VM Periodic Task Thread"        [id=104456, stack(0x000000d04bd00000,0x000000d04be00000) (1024K)]
  0x000002aa4a47ade0 WorkerThread "GC Thread#0"                     [id=104100, stack(0x000000d04b800000,0x000000d04b900000) (1024K)]
  0x000002aa45f50630 WorkerThread "GC Thread#1"                     [id=97896, stack(0x000000d04d300000,0x000000d04d400000) (1024K)]
  0x000002aa45f757c0 WorkerThread "GC Thread#2"                     [id=102596, stack(0x000000d04d400000,0x000000d04d500000) (1024K)]
  0x000002aa45f75b70 WorkerThread "GC Thread#3"                     [id=104468, stack(0x000000d04d500000,0x000000d04d600000) (1024K)]
  0x000002aa45f75f20 WorkerThread "GC Thread#4"                     [id=7992, stack(0x000000d04d600000,0x000000d04d700000) (1024K)]
  0x000002aa45f76f00 WorkerThread "GC Thread#5"                     [id=9628, stack(0x000000d04d700000,0x000000d04d800000) (1024K)]
  0x000002aa45f7a560 WorkerThread "GC Thread#6"                     [id=110228, stack(0x000000d04d800000,0x000000d04d900000) (1024K)]
  0x000002aa4a48e3f0 ConcurrentGCThread "G1 Main Marker"            [id=108296, stack(0x000000d04b900000,0x000000d04ba00000) (1024K)]
  0x000002aa4a4913a0 WorkerThread "G1 Conc#0"                       [id=98744, stack(0x000000d04ba00000,0x000000d04bb00000) (1024K)]
  0x000002aa671ba9c0 ConcurrentGCThread "G1 Refine#0"               [id=99408, stack(0x000000d04bb00000,0x000000d04bc00000) (1024K)]
  0x000002aa671bd2f0 ConcurrentGCThread "G1 Service"                [id=114600, stack(0x000000d04bc00000,0x000000d04bd00000) (1024K)]
Total: 13

Threads with active compile tasks:
C2 CompilerThread0  28490 2252 % !   4       java.util.concurrent.ConcurrentHashMap::transfer @ 96 (849 bytes)
Total: 1

VM state: not at safepoint (normal execution)

VM Mutex/Monitor currently owned by a thread: None

Heap address: 0x000000008ac00000, size: 1876 MB, Compressed Oops mode: 32-bit

CDS archive(s) mapped at: [0x000002aa00000000-0x000002aa00d40000-0x000002aa00d40000), size 13893632, SharedBaseAddress: 0x000002aa00000000, ArchiveRelocationMode: 1.
Compressed class space mapped at: 0x000002aa01000000-0x000002aa41000000, reserved size: 1073741824
UseCompressedClassPointers 1, UseCompactObjectHeaders 0
Narrow klass pointer bits 32, Max shift 3
Narrow klass base: 0x000002aa00000000, Narrow klass shift: 0
Encoding Range: [0x000002aa00000000 - 0x000002ab00000000), (4294967296 bytes)
Klass Range:    [0x000002aa00000000 - 0x000002aa41000000), (1090519040 bytes)
Klass ID Range:  [8 - 1090519033) (1090519025)

GC Precious Log:
 CardTable entry size: 512
 Card Set container configuration: InlinePtr #cards 5 size 8 Array Of Cards #cards 10 size 36 Howl #buckets 4 coarsen threshold 1843 Howl Bitmap #cards 512 size 80 coarsen threshold 460 Card regions per heap region 1 cards per card region 2048
 CPUs: 12 total, 12 available
 Memory: 7501M
 Large Page Support: Disabled
 NUMA Support: Disabled
 Compressed Oops: Enabled (32-bit)
 Heap Region Size: 1M
 Heap Min Capacity: 8M
 Heap Initial Capacity: 118M
 Heap Max Capacity: 1876M
 Pre-touch: Disabled
 Parallel Workers: 10
 Concurrent Workers: 3
 Concurrent Refinement Workers: 10
 Periodic GC: Disabled

Heap:
 garbage-first heap   total reserved 1921024K, committed 122880K, used 20212K [0x000000008ac00000, 0x0000000100000000)
  region size 1024K, 20 young (20480K), 6 survivors (6144K)
 Metaspace       used 12082K, committed 12288K, reserved 1114112K
  class space    used 1257K, committed 1344K, reserved 1048576K

Heap Regions: E=young(eden), S=young(survivor), O=old, HS=humongous(starts), HC=humongous(continues), CS=collection set, F=free, TAMS=top-at-mark-start, PB=parsable bottom
|   0|0x000000008ac00000, 0x000000008ac00000, 0x000000008ad00000|  0%| F|  |TAMS 0x000000008ac00000| PB 0x000000008ac00000| Untracked |  0
|   1|0x000000008ad00000, 0x000000008ad00000, 0x000000008ae00000|  0%| F|  |TAMS 0x000000008ad00000| PB 0x000000008ad00000| Untracked |  0
|   2|0x000000008ae00000, 0x000000008ae00000, 0x000000008af00000|  0%| F|  |TAMS 0x000000008ae00000| PB 0x000000008ae00000| Untracked |  0
|   3|0x000000008af00000, 0x000000008af00000, 0x000000008b000000|  0%| F|  |TAMS 0x000000008af00000| PB 0x000000008af00000| Untracked |  0
|   4|0x000000008b000000, 0x000000008b000000, 0x000000008b100000|  0%| F|  |TAMS 0x000000008b000000| PB 0x000000008b000000| Untracked |  0
|   5|0x000000008b100000, 0x000000008b100000, 0x000000008b200000|  0%| F|  |TAMS 0x000000008b100000| PB 0x000000008b100000| Untracked |  0
|   6|0x000000008b200000, 0x000000008b200000, 0x000000008b300000|  0%| F|  |TAMS 0x000000008b200000| PB 0x000000008b200000| Untracked |  0
|   7|0x000000008b300000, 0x000000008b300000, 0x000000008b400000|  0%| F|  |TAMS 0x000000008b300000| PB 0x000000008b300000| Untracked |  0
|   8|0x000000008b400000, 0x000000008b400000, 0x000000008b500000|  0%| F|  |TAMS 0x000000008b400000| PB 0x000000008b400000| Untracked |  0
|   9|0x000000008b500000, 0x000000008b500000, 0x000000008b600000|  0%| F|  |TAMS 0x000000008b500000| PB 0x000000008b500000| Untracked |  0
|  10|0x000000008b600000, 0x000000008b600000, 0x000000008b700000|  0%| F|  |TAMS 0x000000008b600000| PB 0x000000008b600000| Untracked |  0
|  11|0x000000008b700000, 0x000000008b700000, 0x000000008b800000|  0%| F|  |TAMS 0x000000008b700000| PB 0x000000008b700000| Untracked |  0
|  12|0x000000008b800000, 0x000000008b800000, 0x000000008b900000|  0%| F|  |TAMS 0x000000008b800000| PB 0x000000008b800000| Untracked |  0
|  13|0x000000008b900000, 0x000000008b900000, 0x000000008ba00000|  0%| F|  |TAMS 0x000000008b900000| PB 0x000000008b900000| Untracked |  0
|  14|0x000000008ba00000, 0x000000008ba00000, 0x000000008bb00000|  0%| F|  |TAMS 0x000000008ba00000| PB 0x000000008ba00000| Untracked |  0
|  15|0x000000008bb00000, 0x000000008bb00000, 0x000000008bc00000|  0%| F|  |TAMS 0x000000008bb00000| PB 0x000000008bb00000| Untracked |  0
|  16|0x000000008bc00000, 0x000000008bc00000, 0x000000008bd00000|  0%| F|  |TAMS 0x000000008bc00000| PB 0x000000008bc00000| Untracked |  0
|  17|0x000000008bd00000, 0x000000008bd00000, 0x000000008be00000|  0%| F|  |TAMS 0x000000008bd00000| PB 0x000000008bd00000| Untracked |  0
|  18|0x000000008be00000, 0x000000008be00000, 0x000000008bf00000|  0%| F|  |TAMS 0x000000008be00000| PB 0x000000008be00000| Untracked |  0
|  19|0x000000008bf00000, 0x000000008bf00000, 0x000000008c000000|  0%| F|  |TAMS 0x000000008bf00000| PB 0x000000008bf00000| Untracked |  0
|  20|0x000000008c000000, 0x000000008c000000, 0x000000008c100000|  0%| F|  |TAMS 0x000000008c000000| PB 0x000000008c000000| Untracked |  0
|  21|0x000000008c100000, 0x000000008c100000, 0x000000008c200000|  0%| F|  |TAMS 0x000000008c100000| PB 0x000000008c100000| Untracked |  0
|  22|0x000000008c200000, 0x000000008c200000, 0x000000008c300000|  0%| F|  |TAMS 0x000000008c200000| PB 0x000000008c200000| Untracked |  0
|  23|0x000000008c300000, 0x000000008c300000, 0x000000008c400000|  0%| F|  |TAMS 0x000000008c300000| PB 0x000000008c300000| Untracked |  0
|  24|0x000000008c400000, 0x000000008c400000, 0x000000008c500000|  0%| F|  |TAMS 0x000000008c400000| PB 0x000000008c400000| Untracked |  0
|  25|0x000000008c500000, 0x000000008c500000, 0x000000008c600000|  0%| F|  |TAMS 0x000000008c500000| PB 0x000000008c500000| Untracked |  0
|  26|0x000000008c600000, 0x000000008c600000, 0x000000008c700000|  0%| F|  |TAMS 0x000000008c600000| PB 0x000000008c600000| Untracked |  0
|  27|0x000000008c700000, 0x000000008c700000, 0x000000008c800000|  0%| F|  |TAMS 0x000000008c700000| PB 0x000000008c700000| Untracked |  0
|  28|0x000000008c800000, 0x000000008c800000, 0x000000008c900000|  0%| F|  |TAMS 0x000000008c800000| PB 0x000000008c800000| Untracked |  0
|  29|0x000000008c900000, 0x000000008c900000, 0x000000008ca00000|  0%| F|  |TAMS 0x000000008c900000| PB 0x000000008c900000| Untracked |  0
|  30|0x000000008ca00000, 0x000000008ca00000, 0x000000008cb00000|  0%| F|  |TAMS 0x000000008ca00000| PB 0x000000008ca00000| Untracked |  0
|  31|0x000000008cb00000, 0x000000008cb00000, 0x000000008cc00000|  0%| F|  |TAMS 0x000000008cb00000| PB 0x000000008cb00000| Untracked |  0
|  32|0x000000008cc00000, 0x000000008cc00000, 0x000000008cd00000|  0%| F|  |TAMS 0x000000008cc00000| PB 0x000000008cc00000| Untracked |  0
|  33|0x000000008cd00000, 0x000000008cd00000, 0x000000008ce00000|  0%| F|  |TAMS 0x000000008cd00000| PB 0x000000008cd00000| Untracked |  0
|  34|0x000000008ce00000, 0x000000008ce00000, 0x000000008cf00000|  0%| F|  |TAMS 0x000000008ce00000| PB 0x000000008ce00000| Untracked |  0
|  35|0x000000008cf00000, 0x000000008cf00000, 0x000000008d000000|  0%| F|  |TAMS 0x000000008cf00000| PB 0x000000008cf00000| Untracked |  0
|  36|0x000000008d000000, 0x000000008d000000, 0x000000008d100000|  0%| F|  |TAMS 0x000000008d000000| PB 0x000000008d000000| Untracked |  0
|  37|0x000000008d100000, 0x000000008d100000, 0x000000008d200000|  0%| F|  |TAMS 0x000000008d100000| PB 0x000000008d100000| Untracked |  0
|  38|0x000000008d200000, 0x000000008d200000, 0x000000008d300000|  0%| F|  |TAMS 0x000000008d200000| PB 0x000000008d200000| Untracked |  0
|  39|0x000000008d300000, 0x000000008d300000, 0x000000008d400000|  0%| F|  |TAMS 0x000000008d300000| PB 0x000000008d300000| Untracked |  0
|  40|0x000000008d400000, 0x000000008d400000, 0x000000008d500000|  0%| F|  |TAMS 0x000000008d400000| PB 0x000000008d400000| Untracked |  0
|  41|0x000000008d500000, 0x000000008d500000, 0x000000008d600000|  0%| F|  |TAMS 0x000000008d500000| PB 0x000000008d500000| Untracked |  0
|  42|0x000000008d600000, 0x000000008d600000, 0x000000008d700000|  0%| F|  |TAMS 0x000000008d600000| PB 0x000000008d600000| Untracked |  0
|  43|0x000000008d700000, 0x000000008d700000, 0x000000008d800000|  0%| F|  |TAMS 0x000000008d700000| PB 0x000000008d700000| Untracked |  0
|  44|0x000000008d800000, 0x000000008d800000, 0x000000008d900000|  0%| F|  |TAMS 0x000000008d800000| PB 0x000000008d800000| Untracked |  0
|  45|0x000000008d900000, 0x000000008d900000, 0x000000008da00000|  0%| F|  |TAMS 0x000000008d900000| PB 0x000000008d900000| Untracked |  0
|  46|0x000000008da00000, 0x000000008da00000, 0x000000008db00000|  0%| F|  |TAMS 0x000000008da00000| PB 0x000000008da00000| Untracked |  0
|  47|0x000000008db00000, 0x000000008db00000, 0x000000008dc00000|  0%| F|  |TAMS 0x000000008db00000| PB 0x000000008db00000| Untracked |  0
|  48|0x000000008dc00000, 0x000000008dc00000, 0x000000008dd00000|  0%| F|  |TAMS 0x000000008dc00000| PB 0x000000008dc00000| Untracked |  0
|  49|0x000000008dd00000, 0x000000008dd00000, 0x000000008de00000|  0%| F|  |TAMS 0x000000008dd00000| PB 0x000000008dd00000| Untracked |  0
|  50|0x000000008de00000, 0x000000008de00000, 0x000000008df00000|  0%| F|  |TAMS 0x000000008de00000| PB 0x000000008de00000| Untracked |  0
|  51|0x000000008df00000, 0x000000008df00000, 0x000000008e000000|  0%| F|  |TAMS 0x000000008df00000| PB 0x000000008df00000| Untracked |  0
|  52|0x000000008e000000, 0x000000008e000000, 0x000000008e100000|  0%| F|  |TAMS 0x000000008e000000| PB 0x000000008e000000| Untracked |  0
|  53|0x000000008e100000, 0x000000008e100000, 0x000000008e200000|  0%| F|  |TAMS 0x000000008e100000| PB 0x000000008e100000| Untracked |  0
|  54|0x000000008e200000, 0x000000008e200000, 0x000000008e300000|  0%| F|  |TAMS 0x000000008e200000| PB 0x000000008e200000| Untracked |  0
|  55|0x000000008e300000, 0x000000008e300000, 0x000000008e400000|  0%| F|  |TAMS 0x000000008e300000| PB 0x000000008e300000| Untracked |  0
|  56|0x000000008e400000, 0x000000008e400000, 0x000000008e500000|  0%| F|  |TAMS 0x000000008e400000| PB 0x000000008e400000| Untracked |  0
|  57|0x000000008e500000, 0x000000008e500000, 0x000000008e600000|  0%| F|  |TAMS 0x000000008e500000| PB 0x000000008e500000| Untracked |  0
|  58|0x000000008e600000, 0x000000008e600000, 0x000000008e700000|  0%| F|  |TAMS 0x000000008e600000| PB 0x000000008e600000| Untracked |  0
|  59|0x000000008e700000, 0x000000008e700000, 0x000000008e800000|  0%| F|  |TAMS 0x000000008e700000| PB 0x000000008e700000| Untracked |  0
|  60|0x000000008e800000, 0x000000008e800000, 0x000000008e900000|  0%| F|  |TAMS 0x000000008e800000| PB 0x000000008e800000| Untracked |  0
|  61|0x000000008e900000, 0x000000008e900000, 0x000000008ea00000|  0%| F|  |TAMS 0x000000008e900000| PB 0x000000008e900000| Untracked |  0
|  62|0x000000008ea00000, 0x000000008ea00000, 0x000000008eb00000|  0%| F|  |TAMS 0x000000008ea00000| PB 0x000000008ea00000| Untracked |  0
|  63|0x000000008eb00000, 0x000000008eb00000, 0x000000008ec00000|  0%| F|  |TAMS 0x000000008eb00000| PB 0x000000008eb00000| Untracked |  0
|  64|0x000000008ec00000, 0x000000008ec00000, 0x000000008ed00000|  0%| F|  |TAMS 0x000000008ec00000| PB 0x000000008ec00000| Untracked |  0
|  65|0x000000008ed00000, 0x000000008eda0000, 0x000000008ee00000| 62%| S|CS|TAMS 0x000000008ed00000| PB 0x000000008ed00000| Complete |  0
|  66|0x000000008ee00000, 0x000000008ef00000, 0x000000008ef00000|100%| S|CS|TAMS 0x000000008ee00000| PB 0x000000008ee00000| Complete |  0
|  67|0x000000008ef00000, 0x000000008f000000, 0x000000008f000000|100%| S|CS|TAMS 0x000000008ef00000| PB 0x000000008ef00000| Complete |  0
|  68|0x000000008f000000, 0x000000008f100000, 0x000000008f100000|100%| S|CS|TAMS 0x000000008f000000| PB 0x000000008f000000| Complete |  0
|  69|0x000000008f100000, 0x000000008f200000, 0x000000008f200000|100%| S|CS|TAMS 0x000000008f100000| PB 0x000000008f100000| Complete |  0
|  70|0x000000008f200000, 0x000000008f300000, 0x000000008f300000|100%| S|CS|TAMS 0x000000008f200000| PB 0x000000008f200000| Complete |  0
|  71|0x000000008f300000, 0x000000008f300000, 0x000000008f400000|  0%| F|  |TAMS 0x000000008f300000| PB 0x000000008f300000| Untracked |  0
|  72|0x000000008f400000, 0x000000008f400000, 0x000000008f500000|  0%| F|  |TAMS 0x000000008f400000| PB 0x000000008f400000| Untracked |  0
|  73|0x000000008f500000, 0x000000008f500000, 0x000000008f600000|  0%| F|  |TAMS 0x000000008f500000| PB 0x000000008f500000| Untracked |  0
|  74|0x000000008f600000, 0x000000008f600000, 0x000000008f700000|  0%| F|  |TAMS 0x000000008f600000| PB 0x000000008f600000| Untracked |  0
|  75|0x000000008f700000, 0x000000008f700000, 0x000000008f800000|  0%| F|  |TAMS 0x000000008f700000| PB 0x000000008f700000| Untracked |  0
|  76|0x000000008f800000, 0x000000008f800000, 0x000000008f900000|  0%| F|  |TAMS 0x000000008f800000| PB 0x000000008f800000| Untracked |  0
|  77|0x000000008f900000, 0x000000008f900000, 0x000000008fa00000|  0%| F|  |TAMS 0x000000008f900000| PB 0x000000008f900000| Untracked |  0
|  78|0x000000008fa00000, 0x000000008fa00000, 0x000000008fb00000|  0%| F|  |TAMS 0x000000008fa00000| PB 0x000000008fa00000| Untracked |  0
|  79|0x000000008fb00000, 0x000000008fb00000, 0x000000008fc00000|  0%| F|  |TAMS 0x000000008fb00000| PB 0x000000008fb00000| Untracked |  0
|  80|0x000000008fc00000, 0x000000008fc00000, 0x000000008fd00000|  0%| F|  |TAMS 0x000000008fc00000| PB 0x000000008fc00000| Untracked |  0
|  81|0x000000008fd00000, 0x000000008fd00000, 0x000000008fe00000|  0%| F|  |TAMS 0x000000008fd00000| PB 0x000000008fd00000| Untracked |  0
|  82|0x000000008fe00000, 0x000000008fe00000, 0x000000008ff00000|  0%| F|  |TAMS 0x000000008fe00000| PB 0x000000008fe00000| Untracked |  0
|  83|0x000000008ff00000, 0x000000008ff00000, 0x0000000090000000|  0%| F|  |TAMS 0x000000008ff00000| PB 0x000000008ff00000| Untracked |  0
|  84|0x0000000090000000, 0x0000000090000000, 0x0000000090100000|  0%| F|  |TAMS 0x0000000090000000| PB 0x0000000090000000| Untracked |  0
|  85|0x0000000090100000, 0x0000000090100000, 0x0000000090200000|  0%| F|  |TAMS 0x0000000090100000| PB 0x0000000090100000| Untracked |  0
|  86|0x0000000090200000, 0x0000000090200000, 0x0000000090300000|  0%| F|  |TAMS 0x0000000090200000| PB 0x0000000090200000| Untracked |  0
|  87|0x0000000090300000, 0x0000000090300000, 0x0000000090400000|  0%| F|  |TAMS 0x0000000090300000| PB 0x0000000090300000| Untracked |  0
|  88|0x0000000090400000, 0x0000000090400000, 0x0000000090500000|  0%| F|  |TAMS 0x0000000090400000| PB 0x0000000090400000| Untracked |  0
|  89|0x0000000090500000, 0x0000000090500000, 0x0000000090600000|  0%| F|  |TAMS 0x0000000090500000| PB 0x0000000090500000| Untracked |  0
|  90|0x0000000090600000, 0x0000000090600000, 0x0000000090700000|  0%| F|  |TAMS 0x0000000090600000| PB 0x0000000090600000| Untracked |  0
|  91|0x0000000090700000, 0x0000000090700000, 0x0000000090800000|  0%| F|  |TAMS 0x0000000090700000| PB 0x0000000090700000| Untracked |  0
|  92|0x0000000090800000, 0x0000000090800000, 0x0000000090900000|  0%| F|  |TAMS 0x0000000090800000| PB 0x0000000090800000| Untracked |  0
|  93|0x0000000090900000, 0x0000000090900000, 0x0000000090a00000|  0%| F|  |TAMS 0x0000000090900000| PB 0x0000000090900000| Untracked |  0
|  94|0x0000000090a00000, 0x0000000090a00000, 0x0000000090b00000|  0%| F|  |TAMS 0x0000000090a00000| PB 0x0000000090a00000| Untracked |  0
|  95|0x0000000090b00000, 0x0000000090b00000, 0x0000000090c00000|  0%| F|  |TAMS 0x0000000090b00000| PB 0x0000000090b00000| Untracked |  0
|  96|0x0000000090c00000, 0x0000000090c00000, 0x0000000090d00000|  0%| F|  |TAMS 0x0000000090c00000| PB 0x0000000090c00000| Untracked |  0
|  97|0x0000000090d00000, 0x0000000090d00000, 0x0000000090e00000|  0%| F|  |TAMS 0x0000000090d00000| PB 0x0000000090d00000| Untracked |  0
|  98|0x0000000090e00000, 0x0000000090e00000, 0x0000000090f00000|  0%| F|  |TAMS 0x0000000090e00000| PB 0x0000000090e00000| Untracked |  0
|  99|0x0000000090f00000, 0x0000000090f00000, 0x0000000091000000|  0%| F|  |TAMS 0x0000000090f00000| PB 0x0000000090f00000| Untracked |  0
| 100|0x0000000091000000, 0x0000000091000000, 0x0000000091100000|  0%| F|  |TAMS 0x0000000091000000| PB 0x0000000091000000| Untracked |  0
| 101|0x0000000091100000, 0x0000000091100000, 0x0000000091200000|  0%| F|  |TAMS 0x0000000091100000| PB 0x0000000091100000| Untracked |  0
| 102|0x0000000091200000, 0x0000000091200000, 0x0000000091300000|  0%| F|  |TAMS 0x0000000091200000| PB 0x0000000091200000| Untracked |  0
| 103|0x0000000091300000, 0x0000000091300000, 0x0000000091400000|  0%| F|  |TAMS 0x0000000091300000| PB 0x0000000091300000| Untracked |  0
| 104|0x0000000091400000, 0x00000000914555f8, 0x0000000091500000| 33%| E|  |TAMS 0x0000000091400000| PB 0x0000000091400000| Complete |  0
| 105|0x0000000091500000, 0x0000000091600000, 0x0000000091600000|100%| E|CS|TAMS 0x0000000091500000| PB 0x0000000091500000| Complete |  0
| 106|0x0000000091600000, 0x0000000091700000, 0x0000000091700000|100%| E|CS|TAMS 0x0000000091600000| PB 0x0000000091600000| Complete |  0
| 107|0x0000000091700000, 0x0000000091800000, 0x0000000091800000|100%| E|CS|TAMS 0x0000000091700000| PB 0x0000000091700000| Complete |  0
| 108|0x0000000091800000, 0x0000000091900000, 0x0000000091900000|100%| E|CS|TAMS 0x0000000091800000| PB 0x0000000091800000| Complete |  0
| 109|0x0000000091900000, 0x0000000091a00000, 0x0000000091a00000|100%| E|CS|TAMS 0x0000000091900000| PB 0x0000000091900000| Complete |  0
| 110|0x0000000091a00000, 0x0000000091b00000, 0x0000000091b00000|100%| E|CS|TAMS 0x0000000091a00000| PB 0x0000000091a00000| Complete |  0
| 111|0x0000000091b00000, 0x0000000091c00000, 0x0000000091c00000|100%| E|CS|TAMS 0x0000000091b00000| PB 0x0000000091b00000| Complete |  0
| 112|0x0000000091c00000, 0x0000000091d00000, 0x0000000091d00000|100%| E|CS|TAMS 0x0000000091c00000| PB 0x0000000091c00000| Complete |  0
| 113|0x0000000091d00000, 0x0000000091e00000, 0x0000000091e00000|100%| E|CS|TAMS 0x0000000091d00000| PB 0x0000000091d00000| Complete |  0
| 114|0x0000000091e00000, 0x0000000091f00000, 0x0000000091f00000|100%| E|CS|TAMS 0x0000000091e00000| PB 0x0000000091e00000| Complete |  0
| 115|0x0000000091f00000, 0x0000000092000000, 0x0000000092000000|100%| E|CS|TAMS 0x0000000091f00000| PB 0x0000000091f00000| Complete |  0
| 116|0x0000000092000000, 0x0000000092100000, 0x0000000092100000|100%| E|CS|TAMS 0x0000000092000000| PB 0x0000000092000000| Complete |  0
| 117|0x0000000092100000, 0x0000000092200000, 0x0000000092200000|100%| E|CS|TAMS 0x0000000092100000| PB 0x0000000092100000| Complete |  0
|1874|0x00000000ffe00000, 0x00000000fff00000, 0x00000000fff00000|100%| O|  |TAMS 0x00000000ffe00000| PB 0x00000000ffe00000| Untracked |  0
|1875|0x00000000fff00000, 0x00000000fff1d248, 0x0000000100000000| 11%| O|  |TAMS 0x00000000fff00000| PB 0x00000000fff00000| Untracked |  0

Card table byte_map: [0x000002aa625c0000,0x000002aa62970000] _byte_map_base: 0x000002aa6216a000

Marking Bits: (CMBitMap*) 0x000002aa4a47b4f0
 Bits: [0x000002aa62970000, 0x000002aa646c0000)

Polling page: 0x000002aa484e0000

Metaspace:

Usage:
  Non-class:     10.57 MB used.
      Class:      1.23 MB used.
       Both:     11.80 MB used.

Virtual space:
  Non-class space:       64.00 MB reserved,      10.69 MB ( 17%) committed,  1 nodes.
      Class space:        1.00 GB reserved,       1.31 MB ( <1%) committed,  1 nodes.
             Both:        1.06 GB reserved,      12.00 MB (  1%) committed. 

Chunk freelists:
   Non-Class:  5.20 MB
       Class:  14.70 MB
        Both:  19.90 MB

MaxMetaspaceSize: unlimited
CompressedClassSpaceSize: 1.00 GB
Initial GC threshold: 21.00 MB
Current GC threshold: 21.00 MB
CDS: on
 - commit_granule_bytes: 65536.
 - commit_granule_words: 8192.
 - virtual_space_node_default_size: 8388608.
 - enlarge_chunks_in_place: 1.
UseCompressedClassPointers 1, UseCompactObjectHeaders 0
Narrow klass pointer bits 32, Max shift 3
Narrow klass base: 0x000002aa00000000, Narrow klass shift: 0
Encoding Range: [0x000002aa00000000 - 0x000002ab00000000), (4294967296 bytes)
Klass Range:    [0x000002aa00000000 - 0x000002aa41000000), (1090519040 bytes)
Klass ID Range:  [8 - 1090519033) (1090519025)


Internal statistics:

num_allocs_failed_limit: 0.
num_arena_births: 210.
num_arena_deaths: 0.
num_vsnodes_births: 2.
num_vsnodes_deaths: 0.
num_space_committed: 192.
num_space_uncommitted: 0.
num_chunks_returned_to_freelist: 0.
num_chunks_taken_from_freelist: 465.
num_chunk_merges: 0.
num_chunk_splits: 268.
num_chunks_enlarged: 155.
num_inconsistent_stats: 0.

CodeHeap 'non-profiled nmethods': size=120064Kb used=635Kb max_used=635Kb free=119428Kb
 bounds [0x000002aa5a780000, 0x000002aa5a9f0000, 0x000002aa61cc0000]
CodeHeap 'profiled nmethods': size=120000Kb used=3477Kb max_used=3477Kb free=116523Kb
 bounds [0x000002aa52cc0000, 0x000002aa53030000, 0x000002aa5a1f0000]
CodeHeap 'non-nmethods': size=5696Kb used=1373Kb max_used=1426Kb free=4322Kb
 bounds [0x000002aa5a1f0000, 0x000002aa5a460000, 0x000002aa5a780000]
CodeCache: size=245760Kb, used=5485Kb, max_used=5538Kb, free=240273Kb
 total_blobs=2789, nmethods=2254, adapters=439, full_count=0
Compilation: enabled, stopped_count=0, restarted_count=0

Compilation events (20 events):
Event: 26.378 Thread 0x000002aa6732cae0 nmethod 2245 0x000002aa5301f608 code [0x000002aa5301f740, 0x000002aa5301fae0]
Event: 26.378 Thread 0x000002aa6732cae0 2247       3       java.lang.invoke.MethodHandles$Lookup::checkMethod (87 bytes)
Event: 26.378 Thread 0x000002aa67328ce0 2252 % !   4       java.util.concurrent.ConcurrentHashMap::transfer @ 96 (849 bytes)
Event: 26.379 Thread 0x000002aa6732cae0 nmethod 2247 0x000002aa5301fb08 code [0x000002aa5301fca0, 0x000002aa53020550]
Event: 26.379 Thread 0x000002aa6732cae0 2248       3       java.lang.invoke.MethodHandles$Lookup::maybeBindCaller (72 bytes)
Event: 26.379 Thread 0x000002aa6732cae0 nmethod 2248 0x000002aa53020588 code [0x000002aa53020720, 0x000002aa53020fe0]
Event: 26.379 Thread 0x000002aa6732cae0 2251       3       java.lang.invoke.MethodHandles$Lookup::getDirectMethodCommon (289 bytes)
Event: 26.380 Thread 0x000002aa6732cae0 nmethod 2251 0x000002aa53021088 code [0x000002aa53021340, 0x000002aa53022c98]
Event: 26.380 Thread 0x000002aa6732cae0 2249       3       java.lang.invoke.LambdaFormEditor$TransformKey::inRange (36 bytes)
Event: 26.380 Thread 0x000002aa6732cae0 nmethod 2249 0x000002aa53022d08 code [0x000002aa53022e20, 0x000002aa53022f68]
Event: 26.380 Thread 0x000002aa6732cae0 2250       3       java.lang.invoke.LambdaFormEditor$TransformKey::<init> (15 bytes)
Event: 26.380 Thread 0x000002aa6732cae0 nmethod 2250 0x000002aa53023008 code [0x000002aa53023120, 0x000002aa530232b0]
Event: 26.380 Thread 0x000002aa6732cae0 2246       3       java.util.stream.ReduceOps$3ReducingSink::begin (14 bytes)
Event: 26.381 Thread 0x000002aa6732cae0 nmethod 2246 0x000002aa53023308 code [0x000002aa53023420, 0x000002aa53023650]
Event: 26.383 Thread 0x000002aa6732cae0 2253       3       java.util.StringJoiner::checkAddLength (50 bytes)
Event: 26.384 Thread 0x000002aa6732cae0 nmethod 2253 0x000002aa53023688 code [0x000002aa530237e0, 0x000002aa53023df0]
Event: 26.384 Thread 0x000002aa6732cae0 2254       3       java.util.stream.ReferencePipeline::collect (124 bytes)
Event: 27.391 Thread 0x000002aa6732cae0 nmethod 2254 0x000002aa53023e88 code [0x000002aa530240a0, 0x000002aa53024f08]
Event: 27.391 Thread 0x000002aa6732cae0 2256       3       java.nio.CharBuffer::arrayOffset (35 bytes)
Event: 27.392 Thread 0x000002aa6732cae0 nmethod 2256 0x000002aa53024f88 code [0x000002aa530250c0, 0x000002aa53025388]

GC Heap History (2 events):
Event: 1.995 GC heap before
{Heap before GC invocations=0 (full 0):
 garbage-first heap   total reserved 1921024K, committed 122880K, used 49268K [0x000000008ac00000, 0x0000000100000000)
  region size 1024K, 47 young (48128K), 0 survivors (0K)
 Metaspace       used 9917K, committed 10176K, reserved 1114112K
  class space    used 988K, committed 1088K, reserved 1048576K
}
Event: 2.003 GC heap after
{Heap after GC invocations=1 (full 0):
 garbage-first heap   total reserved 1921024K, committed 122880K, used 6900K [0x000000008ac00000, 0x0000000100000000)
  region size 1024K, 6 young (6144K), 6 survivors (6144K)
 Metaspace       used 9917K, committed 10176K, reserved 1114112K
  class space    used 988K, committed 1088K, reserved 1048576K
}

Dll operation events (9 events):
Event: 0.015 Loaded shared library C:\Program Files\Java\jdk-24\bin\java.dll
Event: 0.096 Loaded shared library C:\Program Files\Java\jdk-24\bin\jsvml.dll
Event: 0.157 Loaded shared library C:\Program Files\Java\jdk-24\bin\net.dll
Event: 0.161 Loaded shared library C:\Program Files\Java\jdk-24\bin\nio.dll
Event: 0.219 Loaded shared library C:\Program Files\Java\jdk-24\bin\zip.dll
Event: 0.399 Loaded shared library C:\Program Files\Java\jdk-24\bin\jimage.dll
Event: 0.502 Loaded shared library C:\Program Files\Java\jdk-24\bin\management.dll
Event: 0.508 Loaded shared library C:\Program Files\Java\jdk-24\bin\management_ext.dll
Event: 1.644 Loaded shared library C:\Program Files\Java\jdk-24\bin\sunmscapi.dll

Deoptimization events (20 events):
Event: 3.214 Thread 0x000002aa47fc7c80 Uncommon trap: trap_request=0xffffffd6 fr.pc=0x000002aa5a80e87c relative=0x00000000000001dc
Event: 3.214 Thread 0x000002aa47fc7c80 Uncommon trap: reason=array_check action=maybe_recompile pc=0x000002aa5a80e87c method=java.util.Arrays.fill([Ljava/lang/Object;Ljava/lang/Object;)V @ 13 c2
Event: 3.214 Thread 0x000002aa47fc7c80 DEOPT PACKING pc=0x000002aa5a80e87c sp=0x000000d04b7fd100
Event: 3.214 Thread 0x000002aa47fc7c80 DEOPT UNPACKING pc=0x000002aa5a309182 sp=0x000000d04b7fd090 mode 2
Event: 3.215 Thread 0x000002aa47fc7c80 Uncommon trap: trap_request=0xffffffd6 fr.pc=0x000002aa5a80e87c relative=0x00000000000001dc
Event: 3.215 Thread 0x000002aa47fc7c80 Uncommon trap: reason=array_check action=maybe_recompile pc=0x000002aa5a80e87c method=java.util.Arrays.fill([Ljava/lang/Object;Ljava/lang/Object;)V @ 13 c2
Event: 3.215 Thread 0x000002aa47fc7c80 DEOPT PACKING pc=0x000002aa5a80e87c sp=0x000000d04b7fd390
Event: 3.215 Thread 0x000002aa47fc7c80 DEOPT UNPACKING pc=0x000002aa5a309182 sp=0x000000d04b7fd320 mode 2
Event: 3.215 Thread 0x000002aa47fc7c80 Uncommon trap: trap_request=0xffffffd6 fr.pc=0x000002aa5a80e87c relative=0x00000000000001dc
Event: 3.215 Thread 0x000002aa47fc7c80 Uncommon trap: reason=array_check action=maybe_recompile pc=0x000002aa5a80e87c method=java.util.Arrays.fill([Ljava/lang/Object;Ljava/lang/Object;)V @ 13 c2
Event: 3.215 Thread 0x000002aa47fc7c80 DEOPT PACKING pc=0x000002aa5a80e87c sp=0x000000d04b7fd100
Event: 3.215 Thread 0x000002aa47fc7c80 DEOPT UNPACKING pc=0x000002aa5a309182 sp=0x000000d04b7fd090 mode 2
Event: 26.374 Thread 0x000002aa47fc7c80 Uncommon trap: trap_request=0xffffffde fr.pc=0x000002aa5a81ab44 relative=0x00000000000000a4
Event: 26.374 Thread 0x000002aa47fc7c80 Uncommon trap: reason=class_check action=maybe_recompile pc=0x000002aa5a81ab44 method=java.util.stream.StreamOpFlag.fromCharacteristics(Ljava/util/Spliterator;)I @ 14 c2
Event: 26.374 Thread 0x000002aa47fc7c80 DEOPT PACKING pc=0x000002aa5a81ab44 sp=0x000000d04b7ff210
Event: 26.374 Thread 0x000002aa47fc7c80 DEOPT UNPACKING pc=0x000002aa5a309182 sp=0x000000d04b7ff1a0 mode 2
Event: 28.400 Thread 0x000002aa460a7110 Uncommon trap: trap_request=0xffffffcc fr.pc=0x000002aa5a80f168 relative=0x00000000000003a8
Event: 28.400 Thread 0x000002aa460a7110 Uncommon trap: reason=intrinsic_or_type_checked_inlining action=make_not_entrant pc=0x000002aa5a80f168 method=java.util.Arrays.copyOf([Ljava/lang/Object;ILjava/lang/Class;)[Ljava/lang/Object; @ 35 c2
Event: 28.400 Thread 0x000002aa460a7110 DEOPT PACKING pc=0x000002aa5a80f168 sp=0x000000d04d0ff1c0
Event: 28.400 Thread 0x000002aa460a7110 DEOPT UNPACKING pc=0x000002aa5a309182 sp=0x000000d04d0ff168 mode 2

Classes loaded (20 events):
Event: 3.177 Loading class java/lang/invoke/VarHandleBytes$FieldInstanceReadOnly done
Event: 3.177 Loading class java/lang/invoke/VarHandleBytes$FieldInstanceReadWrite done
Event: 3.293 Loading class java/util/LinkedList$DescendingIterator
Event: 3.293 Loading class java/util/LinkedList$DescendingIterator done
Event: 3.298 Loading class java/util/concurrent/locks/ReentrantReadWriteLock$FairSync
Event: 3.298 Loading class java/util/concurrent/locks/ReentrantReadWriteLock$FairSync done
Event: 3.313 Loading class sun/net/www/HeaderParser
Event: 3.314 Loading class sun/net/www/HeaderParser done
Event: 26.374 Loading class java/util/TreeMap$EntrySpliterator
Event: 26.374 Loading class java/util/TreeMap$EntrySpliterator done
Event: 26.375 Loading class java/util/stream/SortedOps$SizedRefSortingSink
Event: 26.376 Loading class java/util/stream/SortedOps$SizedRefSortingSink done
Event: 26.380 Loading class java/lang/Throwable$WrappedPrintStream
Event: 26.380 Loading class java/lang/Throwable$PrintStreamOrWriter
Event: 26.380 Loading class java/lang/Throwable$PrintStreamOrWriter done
Event: 26.380 Loading class java/lang/Throwable$WrappedPrintStream done
Event: 26.382 Loading class java/util/concurrent/ConcurrentHashMap$EntrySpliterator
Event: 26.383 Loading class java/util/concurrent/ConcurrentHashMap$EntrySpliterator done
Event: 26.384 Loading class java/lang/StackTraceElement$HashedModules
Event: 26.384 Loading class java/lang/StackTraceElement$HashedModules done

Classes unloaded (0 events):
No events

Classes redefined (0 events):
No events

Internal exceptions (20 events):
Event: 1.573 Thread 0x000002aa47fc7c80 Exception <a 'java/lang/NoSuchMethodError'{0x000000008fb498b0}: 'java.lang.Object java.lang.invoke.DirectMethodHandle$Holder.invokeStaticInit(java.lang.Object, java.lang.Object, int, int, int, int)'> (0x000000008fb498b0) 
thrown [s\open\src\hotspot\share\interpreter\linkResolver.cpp, line 805]
Event: 1.736 Thread 0x000002aa47fc7c80 Exception <a 'sun/nio/fs/WindowsException'{0x000000008fbfe3c8}> (0x000000008fbfe3c8) 
thrown [s\open\src\hotspot\share\prims\jni.cpp, line 518]
Event: 1.804 Thread 0x000002aa47fc7c80 Exception <a 'java/lang/IncompatibleClassChangeError'{0x000000008f9aef20}: Found class java.lang.Object, but interface was expected> (0x000000008f9aef20) 
thrown [s\open\src\hotspot\share\interpreter\linkResolver.cpp, line 872]
Event: 1.806 Thread 0x000002aa47fc7c80 Exception <a 'java/lang/NoSuchMethodError'{0x000000008f9c5860}: 'int java.lang.invoke.DirectMethodHandle$Holder.invokeSpecialIFC(java.lang.Object, java.lang.Object, java.lang.Object, java.lang.Object)'> (0x000000008f9c5860) 
thrown [s\open\src\hotspot\share\interpreter\linkResolver.cpp, line 805]
Event: 1.809 Thread 0x000002aa47fc7c80 Exception <a 'java/lang/NoSuchMethodError'{0x000000008f9f3840}: 'java.lang.Object java.lang.invoke.DirectMethodHandle$Holder.invokeVirtual(java.lang.Object, java.lang.Object, java.lang.Object, java.lang.Object)'> (0x000000008f9f3840) 
thrown [s\open\src\hotspot\share\interpreter\linkResolver.cpp, line 805]
Event: 1.861 Thread 0x000002aa45f13a70 Exception <a 'java/net/ConnectException'{0x000000008f78d680}: Connection refused: getsockopt> (0x000000008f78d680) 
thrown [s\open\src\hotspot\share\prims\jni.cpp, line 536]
Event: 1.873 Thread 0x000002aa45f13a70 Exception <a 'java/net/ConnectException'{0x000000008f78e898}: Connection refused: getsockopt> (0x000000008f78e898) 
thrown [s\open\src\hotspot\share\prims\jni.cpp, line 536]
Event: 1.894 Thread 0x000002aa45f13a70 Exception <a 'java/net/ConnectException'{0x000000008f78f7b8}: Connection refused: getsockopt> (0x000000008f78f7b8) 
thrown [s\open\src\hotspot\share\prims\jni.cpp, line 536]
Event: 1.966 Thread 0x000002aa47fc7c80 Exception <a 'java/lang/NoSuchMethodError'{0x000000008f407a08}: 'java.lang.Object java.lang.invoke.DirectMethodHandle$Holder.newInvokeSpecial(java.lang.Object, java.lang.Object, int, int)'> (0x000000008f407a08) 
thrown [s\open\src\hotspot\share\interpreter\linkResolver.cpp, line 805]
Event: 1.970 Thread 0x000002aa47fc7c80 Exception <a 'java/lang/NoSuchMethodError'{0x000000008f418850}: 'void java.lang.invoke.DirectMethodHandle$Holder.invokeStatic(java.lang.Object, java.lang.Object, int)'> (0x000000008f418850) 
thrown [s\open\src\hotspot\share\interpreter\linkResolver.cpp, line 805]
Event: 1.978 Thread 0x000002aa47fc7c80 Exception <a 'java/lang/NoSuchMethodError'{0x000000008f4a0bc8}: 'java.lang.Object java.lang.invoke.DirectMethodHandle$Holder.newInvokeSpecial(java.lang.Object, java.lang.Object, java.lang.Object, java.lang.Object, java.lang.Object)'> (0x000000008f4a0bc8) 
thrown [s\open\src\hotspot\share\interpreter\linkResolver.cpp, line 805]
Event: 2.024 Thread 0x000002aa45f42740 Exception <a 'java/lang/NoSuchMethodError'{0x0000000092079228}: 'java.lang.Object java.lang.invoke.DirectMethodHandle$Holder.invokeSpecial(java.lang.Object, java.lang.Object, java.lang.Object, java.lang.Object, java.lang.Object, int)'> (0x0000000092079228) 
thrown [s\open\src\hotspot\share\interpreter\linkResolver.cpp, line 805]
Event: 2.025 Thread 0x000002aa45f42740 Exception <a 'java/lang/NoSuchMethodError'{0x0000000092089688}: 'java.lang.Object java.lang.invoke.Invokers$Holder.linkToTargetMethod(java.lang.Object, java.lang.Object, int, java.lang.Object)'> (0x0000000092089688) 
thrown [s\open\src\hotspot\share\interpreter\linkResolver.cpp, line 805]
Event: 2.047 Thread 0x000002aa45f42740 Exception <a 'java/lang/NoSuchMethodError'{0x0000000091f6de70}: 'long java.lang.invoke.DirectMethodHandle$Holder.invokeStatic(java.lang.Object, long, long)'> (0x0000000091f6de70) 
thrown [s\open\src\hotspot\share\interpreter\linkResolver.cpp, line 805]
Event: 2.052 Thread 0x000002aa45edc0f0 Exception <a 'java/lang/NoSuchMethodError'{0x0000000092045c28}: 'int java.lang.invoke.DirectMethodHandle$Holder.invokeStatic(java.lang.Object, int, java.lang.Object)'> (0x0000000092045c28) 
thrown [s\open\src\hotspot\share\interpreter\linkResolver.cpp, line 805]
Event: 2.054 Thread 0x000002aa45edc0f0 Exception <a 'java/lang/NoSuchMethodError'{0x0000000092063f48}: 'java.lang.Object java.lang.invoke.DirectMethodHandle$Holder.newInvokeSpecial(java.lang.Object, java.lang.Object, int)'> (0x0000000092063f48) 
thrown [s\open\src\hotspot\share\interpreter\linkResolver.cpp, line 805]
Event: 3.193 Thread 0x000002aa45f41ff0 Exception <a 'java/lang/NoSuchMethodError'{0x0000000091d88248}: 'void java.lang.invoke.DirectMethodHandle$Holder.invokeSpecial(java.lang.Object, java.lang.Object, java.lang.Object, java.lang.Object, java.lang.Object, java.lang.Object, java.lang.Object)'> (0x0000000091d88248) 
thrown [s\open\src\hotspot\share\interpreter\linkResolver.cpp, line 805]
Event: 3.222 Thread 0x000002aa47fc7c80 Exception <a 'java/lang/NoSuchMethodError'{0x0000000091c4c110}: 'java.lang.Object java.lang.invoke.DirectMethodHandle$Holder.invokeSpecialIFC(java.lang.Object, java.lang.Object, java.lang.Object)'> (0x0000000091c4c110) 
thrown [s\open\src\hotspot\share\interpreter\linkResolver.cpp, line 805]
Event: 3.254 Thread 0x000002aa47fc7c80 Exception <a 'sun/nio/fs/WindowsException'{0x0000000091bb8168}> (0x0000000091bb8168) 
thrown [s\open\src\hotspot\share\prims\jni.cpp, line 518]
Event: 3.350 Thread 0x000002aa47fc7c80 Exception <a 'sun/nio/fs/WindowsException'{0x00000000918e06d0}> (0x00000000918e06d0) 
thrown [s\open\src\hotspot\share\prims\jni.cpp, line 518]

VM Operations (20 events):
Event: 0.530 Executing VM operation: HandshakeAllThreads (Deoptimize)
Event: 0.530 Executing VM operation: HandshakeAllThreads (Deoptimize) done
Event: 0.952 Executing VM operation: HandshakeAllThreads (Deoptimize)
Event: 0.952 Executing VM operation: HandshakeAllThreads (Deoptimize) done
Event: 1.024 Executing VM operation: HandshakeAllThreads (Deoptimize)
Event: 1.024 Executing VM operation: HandshakeAllThreads (Deoptimize) done
Event: 1.027 Executing VM operation: HandshakeAllThreads (Deoptimize)
Event: 1.027 Executing VM operation: HandshakeAllThreads (Deoptimize) done
Event: 1.058 Executing VM operation: HandshakeAllThreads (Deoptimize)
Event: 1.058 Executing VM operation: HandshakeAllThreads (Deoptimize) done
Event: 1.941 Executing VM operation: HandshakeAllThreads (Deoptimize)
Event: 1.941 Executing VM operation: HandshakeAllThreads (Deoptimize) done
Event: 1.994 Executing VM operation: G1CollectForAllocation (G1 Evacuation Pause)
Event: 2.004 Executing VM operation: G1CollectForAllocation (G1 Evacuation Pause) done
Event: 3.148 Executing VM operation: HandshakeAllThreads (Deoptimize)
Event: 3.148 Executing VM operation: HandshakeAllThreads (Deoptimize) done
Event: 3.152 Executing VM operation: HandshakeAllThreads (Deoptimize)
Event: 3.152 Executing VM operation: HandshakeAllThreads (Deoptimize) done
Event: 3.366 Executing VM operation: HandshakeAllThreads (Deoptimize)
Event: 3.367 Executing VM operation: HandshakeAllThreads (Deoptimize) done

Memory protections (0 events):
No events

Nmethod flushes (0 events):
No events

Events (20 events):
Event: 1.836 Thread 0x000002aa47fc7c80 Thread added: 0x000002aa45ee81a0
Event: 1.838 Thread 0x000002aa47fc7c80 Thread added: 0x000002aa45ef2cd0
Event: 1.839 Thread 0x000002aa47fc7c80 Thread added: 0x000002aa45eefb50
Event: 1.842 Thread 0x000002aa45ef2cd0 Thread added: 0x000002aa45f13a70
Event: 1.941 Thread 0x000002aa45f13a70 Thread added: 0x000002aa45f1f820
Event: 1.989 Thread 0x000002aa47fc7c80 Thread added: 0x000002aa45f42740
Event: 1.993 Thread 0x000002aa47fc7c80 Thread added: 0x000002aa45f43d30
Event: 2.056 Thread 0x000002aa45edc0f0 Thread added: 0x000002aa45f41ff0
Event: 2.058 Thread 0x000002aa45edc0f0 Thread added: 0x000002aa45f44480
Event: 2.058 Thread 0x000002aa45edc0f0 Thread added: 0x000002aa45f435e0
Event: 3.283 Thread 0x000002aa47fc7c80 Thread added: 0x000002aa45f44bd0
Event: 3.285 Thread 0x000002aa47fc7c80 Thread added: 0x000002aa45f45320
Event: 3.289 Thread 0x000002aa45f44bd0 Thread added: 0x000002aa460a9cf0
Event: 3.290 Thread 0x000002aa45f44bd0 Thread added: 0x000002aa460a95a0
Event: 11.963 Thread 0x000002aa45f1f820 Thread exited: 0x000002aa45f1f820
Event: 27.390 Thread 0x000002aa47fc7c80 Thread exited: 0x000002aa47fc7c80
Event: 27.391 Thread 0x000002aa460aa440 Thread added: 0x000002aa460aa440
Event: 28.399 Thread 0x000002aa460aa440 Thread added: 0x000002aa460a7110
Event: 28.400 Thread 0x000002aa460aa440 Thread added: 0x000002aa460a7fb0
Event: 28.400 Thread 0x000002aa460a7fb0 Thread exited: 0x000002aa460a7fb0


Dynamic libraries:
0x00007ff7bdca0000 - 0x00007ff7bdcb0000 	C:\Program Files\Java\jdk-24\bin\javaw.exe
0x00007ffed5280000 - 0x00007ffed54e7000 	C:\WINDOWS\SYSTEM32\ntdll.dll
0x00007ffed3f40000 - 0x00007ffed4009000 	C:\WINDOWS\System32\KERNEL32.DLL
0x00007ffed26a0000 - 0x00007ffed2a8f000 	C:\WINDOWS\System32\KERNELBASE.dll
0x00007ffed2c20000 - 0x00007ffed2d6b000 	C:\WINDOWS\System32\ucrtbase.dll
0x00007ffeccc10000 - 0x00007ffeccc2b000 	C:\Program Files\Java\jdk-24\bin\VCRUNTIME140.dll
0x00007ffeccbf0000 - 0x00007ffeccc06000 	C:\Program Files\Java\jdk-24\bin\jli.dll
0x00007ffed30b0000 - 0x00007ffed3275000 	C:\WINDOWS\System32\USER32.dll
0x00007ffed2ff0000 - 0x00007ffed3017000 	C:\WINDOWS\System32\win32u.dll
0x00007ffebbed0000 - 0x00007ffebc163000 	C:\WINDOWS\WinSxS\amd64_microsoft.windows.common-controls_6595b64144ccf1df_6.0.26100.7309_none_3e05feeae336a044\COMCTL32.dll
0x00007ffed3070000 - 0x00007ffed309b000 	C:\WINDOWS\System32\GDI32.dll
0x00007ffed2e00000 - 0x00007ffed2f2c000 	C:\WINDOWS\System32\gdi32full.dll
0x00007ffed43d0000 - 0x00007ffed4479000 	C:\WINDOWS\System32\msvcrt.dll
0x00007ffed23d0000 - 0x00007ffed2473000 	C:\WINDOWS\System32\msvcp_win.dll
0x00007ffed42a0000 - 0x00007ffed42d1000 	C:\WINDOWS\System32\IMM32.DLL
0x00007ffeced40000 - 0x00007ffeced4c000 	C:\Program Files\Java\jdk-24\bin\vcruntime140_1.dll
0x00007ffeb1e70000 - 0x00007ffeb1efe000 	C:\Program Files\Java\jdk-24\bin\msvcp140.dll
0x00007ffe5f9a0000 - 0x00007ffe60741000 	C:\Program Files\Java\jdk-24\bin\server\jvm.dll
0x00007ffed3e20000 - 0x00007ffed3ed4000 	C:\WINDOWS\System32\ADVAPI32.dll
0x00007ffed4e00000 - 0x00007ffed4ea6000 	C:\WINDOWS\System32\sechost.dll
0x00007ffed4150000 - 0x00007ffed4268000 	C:\WINDOWS\System32\RPCRT4.dll
0x00007ffed40d0000 - 0x00007ffed4144000 	C:\WINDOWS\System32\WS2_32.dll
0x00007ffed2080000 - 0x00007ffed20de000 	C:\WINDOWS\SYSTEM32\POWRPROF.dll
0x00007ffecc180000 - 0x00007ffecc18b000 	C:\WINDOWS\SYSTEM32\VERSION.dll
0x00007ffecc140000 - 0x00007ffecc175000 	C:\WINDOWS\SYSTEM32\WINMM.dll
0x00007ffed2060000 - 0x00007ffed2074000 	C:\WINDOWS\SYSTEM32\UMPDC.dll
0x00007ffed10e0000 - 0x00007ffed10fb000 	C:\WINDOWS\SYSTEM32\kernel.appcore.dll
0x00007ffeccbe0000 - 0x00007ffeccbea000 	C:\Program Files\Java\jdk-24\bin\jimage.dll
0x00007ffec72b0000 - 0x00007ffec74f2000 	C:\WINDOWS\SYSTEM32\DBGHELP.DLL
0x00007ffed4eb0000 - 0x00007ffed5235000 	C:\WINDOWS\System32\combase.dll
0x00007ffed42e0000 - 0x00007ffed43b6000 	C:\WINDOWS\System32\OLEAUT32.dll
0x00007ffebfa00000 - 0x00007ffebfa3c000 	C:\WINDOWS\SYSTEM32\dbgcore.DLL
0x00007ffed2480000 - 0x00007ffed2525000 	C:\WINDOWS\System32\bcryptPrimitives.dll
0x00007ffeccbc0000 - 0x00007ffeccbde000 	C:\Program Files\Java\jdk-24\bin\java.dll
0x00007ffed4480000 - 0x00007ffed4617000 	C:\WINDOWS\System32\ole32.dll
0x00007ffed32f0000 - 0x00007ffed3a43000 	C:\WINDOWS\System32\SHELL32.dll
0x00007ffed2530000 - 0x00007ffed269a000 	C:\WINDOWS\System32\wintypes.dll
0x00007ffecfff0000 - 0x00007ffed084e000 	C:\WINDOWS\SYSTEM32\windows.storage.dll
0x00007ffed4d00000 - 0x00007ffed4df5000 	C:\WINDOWS\System32\SHCORE.dll
0x00007ffed3280000 - 0x00007ffed32e6000 	C:\WINDOWS\System32\shlwapi.dll
0x00007ffed22f0000 - 0x00007ffed2319000 	C:\WINDOWS\SYSTEM32\profapi.dll
0x00007ffea0fc0000 - 0x00007ffea1097000 	C:\Program Files\Java\jdk-24\bin\jsvml.dll
0x00007ffecc6a0000 - 0x00007ffecc6b0000 	C:\Program Files\Java\jdk-24\bin\net.dll
0x00007ffed16f0000 - 0x00007ffed175b000 	C:\WINDOWS\system32\mswsock.dll
0x00007ffec8ee0000 - 0x00007ffec8ef6000 	C:\Program Files\Java\jdk-24\bin\nio.dll
0x00007ffec8690000 - 0x00007ffec86a7000 	C:\Program Files\Java\jdk-24\bin\zip.dll
0x00007ffed0c80000 - 0x00007ffed0dac000 	C:\WINDOWS\SYSTEM32\DNSAPI.dll
0x00007ffed0be0000 - 0x00007ffed0c14000 	C:\WINDOWS\SYSTEM32\IPHLPAPI.DLL
0x00007ffed4be0000 - 0x00007ffed4bea000 	C:\WINDOWS\System32\NSI.dll
0x00007ffec9510000 - 0x00007ffec951b000 	C:\Windows\System32\rasadhlp.dll
0x00007ffeccfe0000 - 0x00007ffecd066000 	C:\WINDOWS\System32\fwpuclnt.dll
0x00007ffecc690000 - 0x00007ffecc69a000 	C:\Program Files\Java\jdk-24\bin\management.dll
0x00007ffec8680000 - 0x00007ffec868b000 	C:\Program Files\Java\jdk-24\bin\management_ext.dll
0x00007ffed4cf0000 - 0x00007ffed4cf8000 	C:\WINDOWS\System32\PSAPI.DLL
0x00007ffed19b0000 - 0x00007ffed19cb000 	C:\WINDOWS\SYSTEM32\CRYPTSP.dll
0x00007ffed1100000 - 0x00007ffed113a000 	C:\WINDOWS\system32\rsaenh.dll
0x00007ffed17a0000 - 0x00007ffed17cb000 	C:\WINDOWS\SYSTEM32\USERENV.dll
0x00007ffed22c0000 - 0x00007ffed22ea000 	C:\WINDOWS\SYSTEM32\bcrypt.dll
0x00007ffed1fd0000 - 0x00007ffed1fdc000 	C:\WINDOWS\SYSTEM32\CRYPTBASE.dll
0x00007ffec8400000 - 0x00007ffec840e000 	C:\Program Files\Java\jdk-24\bin\sunmscapi.dll
0x00007ffed2aa0000 - 0x00007ffed2c17000 	C:\WINDOWS\System32\CRYPT32.dll
0x00007ffed1bc0000 - 0x00007ffed1bf0000 	C:\WINDOWS\SYSTEM32\ncrypt.dll
0x00007ffed1b70000 - 0x00007ffed1baf000 	C:\WINDOWS\SYSTEM32\NTASN1.dll
0x00007ffec93e0000 - 0x00007ffec93e8000 	C:\WINDOWS\system32\wshunix.dll

JVMTI agents: none

dbghelp: loaded successfully - version: 4.0.5 - missing functions: none
symbol engine: initialized successfully - sym options: 0x614 - pdb path: .;C:\Program Files\Java\jdk-24\bin;C:\WINDOWS\SYSTEM32;C:\WINDOWS\WinSxS\amd64_microsoft.windows.common-controls_6595b64144ccf1df_6.0.26100.7309_none_3e05feeae336a044;C:\Program Files\Java\jdk-24\bin\server

VM Arguments:
jvm_args: -Dfile.encoding=UTF-8 -Dstdout.encoding=UTF-8 -Dstderr.encoding=UTF-8 --module-path=C:\Users\HP\git\repository\ArchanaProject\target\classes;C:\Users\HP\.m2\repository\org\seleniumhq\selenium\selenium-api\4.38.0\selenium-api-4.38.0.jar;C:\Users\HP\.m2\repository\org\seleniumhq\selenium\selenium-devtools-v140\4.38.0\selenium-devtools-v140-4.38.0.jar;C:\Users\HP\.m2\repository\org\seleniumhq\selenium\selenium-devtools-v141\4.38.0\selenium-devtools-v141-4.38.0.jar;C:\Users\HP\.m2\repository\org\seleniumhq\selenium\selenium-devtools-v142\4.38.0\selenium-devtools-v142-4.38.0.jar;C:\Users\HP\.m2\repository\org\seleniumhq\selenium\selenium-edge-driver\4.38.0\selenium-edge-driver-4.38.0.jar;C:\Users\HP\.m2\repository\org\seleniumhq\selenium\selenium-firefox-driver\4.38.0\selenium-firefox-driver-4.38.0.jar;C:\Users\HP\.m2\repository\org\seleniumhq\selenium\selenium-ie-driver\4.38.0\selenium-ie-driver-4.38.0.jar;C:\Users\HP\.m2\repository\org\seleniumhq\selenium\selenium-safari-driver\4.38.0\selenium-safari-driver-4.38.0.jar;C:\Users\HP\.m2\repository\org\seleniumhq\selenium\selenium-support\4.38.0\selenium-support-4.38.0.jar;C:\Users\HP\.m2\repository\org\testng\testng\7.11.0\testng-7.11.0.jar;C:\Users\HP\.m2\repository\com\google\guava\guava\33.5.0-jre\guava-33.5.0-jre.jar;C:\Users\HP\.m2\repository\com\google\guava\failureaccess\1.0.3\failureaccess-1.0.3.jar;C:\Users\HP\.m2\repository\org\jspecify\jspecify\1.0.0\jspecify-1.0.0.jar;C:\Users\HP\.m2\repository\com\google\errorprone\error_prone_annotations\2.41.0\error_prone_annotations-2.41.0.jar;C:\Users\HP\.m2\repository\com\google\j2objc\j2objc-annotations\3.1\j2objc-annotations-3.1.jar;C:\Users\HP\.m2\repository\io\github\bonigarcia\webdrivermanager\6.3.3\webdrivermanager-6.3.3.jar;C:\Users\HP\.m2\repository\net\java\dev\jna\jna\5.17.0\jna-5.17.0.jar;C:\Users\HP\.m2\repository\commons-io\commons-io\2.20.0\commons-io-2.20.0.jar;C:\Users\HP\.m2\repository\org\seleniumhq\selenium\selenium-devtools-v143\4.39.0\selenium-devtools-v143-4.39.0.jar;C:\Users\HP\.m2\repository\org\seleniumhq\selenium-XX:+ShowCodeDetailsInExceptionMessages -Djdk.module.main=ArchanaProject 
java_command: ArchanaProject/Miscellaneous.Invokingmultiplewindowsortabs
java_class_path (initial): C:\Users\HP\.m2\repository\org\seleniumhq\selenium\selenium-java\4.38.0\selenium-java-4.38.0.jar;C:\Users\HP\.m2\repository\org\slf4j\slf4j-api\2.0.16\slf4j-api-2.0.16.jar;C:\Users\HP\.m2\repository\org\jcommander\jcommander\1.83\jcommander-1.83.jar;C:\Users\HP\.m2\repository\org\webjars\jquery\3.7.1\jquery-3.7.1.jar;C:\Users\HP\.m2\repository\com\google\guava\listenablefuture\9999.0-empty-to-avoid-conflict-with-guava\listenablefuture-9999.0-empty-to-avoid-conflict-with-guava.jar;C:\Users\HP\.m2\repository\com\google\code\gson\gson\2.13.2\gson-2.13.2.jar;C:\Users\HP\.m2\repository\com\github\docker-java\docker-java\3.6.0\docker-java-3.6.0.jar;C:\Users\HP\.m2\repository\com\github\docker-java\docker-java-core\3.6.0\docker-java-core-3.6.0.jar;C:\Users\HP\.m2\repository\com\github\docker-java\docker-java-api\3.6.0\docker-java-api-3.6.0.jar;C:\Users\HP\.m2\repository\com\fasterxml\jackson\core\jackson-annotations\2.19.2\jackson-annotations-2.19.2.jar;C:\Users\HP\.m2\repository\com\fasterxml\jackson\core\jackson-databind\2.19.2\jackson-databind-2.19.2.jar;C:\Users\HP\.m2\repository\com\fasterxml\jackson\core\jackson-core\2.19.2\jackson-core-2.19.2.jar;C:\Users\HP\.m2\repository\org\slf4j\jcl-over-slf4j\1.7.30\jcl-over-slf4j-1.7.30.jar;C:\Users\HP\.m2\repository\com\github\docker-java\docker-java-transport-httpclient5\3.6.0\docker-java-transport-httpclient5-3.6.0.jar;C:\Users\HP\.m2\repository\com\github\docker-java\docker-java-transport\3.6.0\docker-java-transport-3.6.0.jar;C:\Users\HP\.m2\repository\org\brotli\dec\0.1.2\dec-0.1.2.jar;C:\Users\HP\.m2\repository\org\apache\commons\commons-lang3\3.19.0\commons-lang3-3.19.0.jar;C:\Users\HP\.m2\repository\org\apache\commons\commons-compress\1.28.0\commons-compress-1.28.0.jar;C:\Users\HP\.m2\repository\commons-codec\commons-codec\1.19.0\commons-codec-1.19.0.jar;C:\Users\HP\.m2\repository\org\apache\httpcomponents\client5\httpclient5\5.4.3\httpclient5-5.4.3.jar;C:\Users\HP\.m2\repository\org\apache\httpcomponents\core5\httpcore5\5.3.4\httpcore5-5.3.4.jar;C:\Users\HP\.m2\repository\org\apache\httpcomponents\core5\httpcore5-h2\5.3.4\httpcore5-h2-5.3.4.jar;C:\Users\HP\.m2\repository\com\google\auto\service\auto-service-annotations\1.1.1\auto-service-annotations-1.1.1.jar;C:\Users\HP\.m2\repository\io\opentelemetry\opentelemetry-common\1.55.0\opentelemetry-common-1.55.0.jar;C:\Users\HP\.m2\repository\io\opentelemetry\opentelemetry-exporter-logging\1.55.0\opentelemetry-exporter-logging-1.55.0.jar;C:\Users\HP\.m2\repository\io\opentelemetry\opentelemetry-sdk-metrics\1.55.0\opentelemetry-sdk-metrics-1.55.0.jar;C:\Users\HP\.m2\repository\io\opentelemetry\opentelemetry-sdk-logs\1.55.0\opentelemetry-sdk-logs-1.55.0.jar;C:\Users\HP\.m2\repository\org\apache\commons\commons-exec\1.5.0\commons-exec-1.5.0.jar
Launcher Type: SUN_STANDARD

[Global flags]
     intx CICompilerCount                          = 4                                         {product} {ergonomic}
     uint ConcGCThreads                            = 3                                         {product} {ergonomic}
     uint G1ConcRefinementThreads                  = 10                                        {product} {ergonomic}
   size_t G1HeapRegionSize                         = 1048576                                   {product} {ergonomic}
   size_t InitialHeapSize                          = 123731968                                 {product} {ergonomic}
   size_t MarkStackSize                            = 4194304                                   {product} {ergonomic}
   size_t MarkStackSizeMax                         = 536870912                                 {product} {ergonomic}
   size_t MaxHeapSize                              = 1967128576                                {product} {ergonomic}
   size_t MaxNewSize                               = 1179648000                                {product} {ergonomic}
   size_t MinHeapDeltaBytes                        = 1048576                                   {product} {ergonomic}
   size_t MinHeapSize                              = 8388608                                   {product} {ergonomic}
    uintx NonNMethodCodeHeapSize                   = 5832704                                {pd product} {ergonomic}
    uintx NonProfiledCodeHeapSize                  = 122945536                              {pd product} {ergonomic}
    uintx ProfiledCodeHeapSize                     = 122880000                              {pd product} {ergonomic}
    uintx ReservedCodeCacheSize                    = 251658240                              {pd product} {ergonomic}
     bool SegmentedCodeCache                       = true                                      {product} {ergonomic}
     bool ShowCodeDetailsInExceptionMessages       = true                                   {manageable} {command line}
   size_t SoftMaxHeapSize                          = 1967128576                             {manageable} {ergonomic}
     bool UseCompressedOops                        = true                           {product lp64_product} {ergonomic}
     bool UseG1GC                                  = true                                      {product} {ergonomic}
     bool UseLargePagesIndividualAllocation        = false                                  {pd product} {ergonomic}

Logging:
Log output configuration:
 #0: stdout all=warning uptime,level,tags foldmultilines=false
 #1: stderr all=off uptime,level,tags foldmultilines=false

Environment Variables:
JAVA_HOME=C:\Program Files\Java\jdk-24
PATH=C:/Users/HP/.p2/pool/plugins/org.eclipse.justj.openjdk.hotspot.jre.full.win32.x86_64_23.0.2.v20250131-0604/jre/bin/server;C:/Users/HP/.p2/pool/plugins/org.eclipse.justj.openjdk.hotspot.jre.full.win32.x86_64_23.0.2.v20250131-0604/jre/bin;C:\Program Files\Common Files\Oracle\Java\javapath;C:\Program Files (x86)\VMware\VMware Player\bin\;C:\WINDOWS\system32;C:\WINDOWS;C:\WINDOWS\System32\Wbem;C:\WINDOWS\System32\WindowsPowerShell\v1.0\;C:\WINDOWS\System32\OpenSSH\;C:\Program Files\Amazon\AWSCLIV2\;C:\Program Files\HP\HP One Agent;C:\WINDOWS\system32;C:\WINDOWS;C:\WINDOWS\System32\Wbem;C:\WINDOWS\System32\WindowsPowerShell\v1.0\;C:\WINDOWS\System32\OpenSSH\;C:\Program Files\Git\cmd;C:\Program Files\nodejs\;C:\Program Files\cursor\resources\app\bin;C:\Users\HP\AppData\Local\Microsoft\WindowsApps;C:\Users\HP\AppData\Local\GitHubDesktop\bin;C:\Users\HP\AppData\Local\Programs\Microsoft VS Code\bin;C:\Program Files\JetBrains\IntelliJ IDEA Community Edition 2025.2.1\bin;C:\Users\HP\AppData\Roaming\npm;C:\WINDOWS\system32;
USERNAME=HP
OS=Windows_NT
PROCESSOR_IDENTIFIER=AMD64 Family 23 Model 104 Stepping 1, AuthenticAMD
TMP=C:\Users\HP\AppData\Local\Temp
TEMP=C:\Users\HP\AppData\Local\Temp




Periodic native trim disabled

---------------  S Y S T E M  ---------------

OS:
 Windows 11 , 64 bit Build 26100 (10.0.26100.7309)
OS uptime: 12 days 4:56 hours

CPU: total 12 (initial active 12) (12 cores per cpu, 2 threads per core) family 23 model 104 stepping 1 microcode 0x8608109, cx8, cmov, fxsr, ht, mmx, 3dnowpref, sse, sse2, sse3, ssse3, sse4a, sse4.1, sse4.2, popcnt, lzcnt, tsc, tscinvbit, avx, avx2, aes, clmul, bmi1, bmi2, adx, sha, fma, vzeroupper, clflush, clflushopt, rdtscp, rdpid, f16c
Processor Information for the first 12 processors :
  Max Mhz: 2100, Current Mhz: 2100, Mhz Limit: 2100

Memory: 4k page, system-wide physical 7501M (517M free)
TotalPageFile size 30029M (AvailPageFile size 3M)
current process WorkingSet (physical memory assigned to process): 119M, peak: 127M
current process commit charge ("private bytes"): 230M, peak: 244M

vm_info: Java HotSpot(TM) 64-Bit Server VM (24.0.2+12-54) for windows-amd64 JRE (24.0.2+12-54), built on 2025-07-08T12:10:27Z with MS VC++ 17.6 (VS2022)

END.
